2025-11-03 16:36:16.096 [error] Error: Unable to read file '/home/fed/.vscode/extensions/prasanthrangan.wallbash/package.json' (Error: Unable to resolve nonexistent file '/home/fed/.vscode/extensions/prasanthrangan.wallbash/package.json')
    at qh.G (file:///nix/store/dchly2ad9bdykndfr7njm8c7sv264185-vscode-1.104.1/lib/vscode/resources/app/out/vs/code/electron-utility/sharedProcess/sharedProcessMain.js:74:89755)
    at qh.F (file:///nix/store/dchly2ad9bdykndfr7njm8c7sv264185-vscode-1.104.1/lib/vscode/resources/app/out/vs/code/electron-utility/sharedProcess/sharedProcessMain.js:74:89580)
    at async qh.D (file:///nix/store/dchly2ad9bdykndfr7njm8c7sv264185-vscode-1.104.1/lib/vscode/resources/app/out/vs/code/electron-utility/sharedProcess/sharedProcessMain.js:74:88952)
    at async Ea.u (file:///nix/store/dchly2ad9bdykndfr7njm8c7sv264185-vscode-1.104.1/lib/vscode/resources/app/out/vs/code/electron-utility/sharedProcess/sharedProcessMain.js:74:45762)
    at async Ea.scanExtension (file:///nix/store/dchly2ad9bdykndfr7njm8c7sv264185-vscode-1.104.1/lib/vscode/resources/app/out/vs/code/electron-utility/sharedProcess/sharedProcessMain.js:74:44269)
    at async Promise.all (index 1)
    at async Ea.r (file:///nix/store/dchly2ad9bdykndfr7njm8c7sv264185-vscode-1.104.1/lib/vscode/resources/app/out/vs/code/electron-utility/sharedProcess/sharedProcessMain.js:74:42695)
    at async mf.scanAllUserExtensions (file:///nix/store/dchly2ad9bdykndfr7njm8c7sv264185-vscode-1.104.1/lib/vscode/resources/app/out/vs/code/electron-utility/sharedProcess/sharedProcessMain.js:74:35555)
    at async Bh.I (file:///nix/store/dchly2ad9bdykndfr7njm8c7sv264185-vscode-1.104.1/lib/vscode/resources/app/out/vs/code/electron-utility/sharedProcess/sharedProcessMain.js:74:76202)
    at async Bh.cleanUp (file:///nix/store/dchly2ad9bdykndfr7njm8c7sv264185-vscode-1.104.1/lib/vscode/resources/app/out/vs/code/electron-utility/sharedProcess/sharedProcessMain.js:74:69054)
    at async Uh.cleanUp (file:///nix/store/dchly2ad9bdykndfr7njm8c7sv264185-vscode-1.104.1/lib/vscode/resources/app/out/vs/code/electron-utility/sharedProcess/sharedProcessMain.js:74:63456)
2025-11-03 16:36:16.118 [error] Error: Unable to read file '/home/fed/.vscode/extensions/prasanthrangan.wallbash/package.json' (Error: Unable to resolve nonexistent file '/home/fed/.vscode/extensions/prasanthrangan.wallbash/package.json')
    at qh.G (file:///nix/store/dchly2ad9bdykndfr7njm8c7sv264185-vscode-1.104.1/lib/vscode/resources/app/out/vs/code/electron-utility/sharedProcess/sharedProcessMain.js:74:89755)
    at qh.F (file:///nix/store/dchly2ad9bdykndfr7njm8c7sv264185-vscode-1.104.1/lib/vscode/resources/app/out/vs/code/electron-utility/sharedProcess/sharedProcessMain.js:74:89580)
    at async qh.D (file:///nix/store/dchly2ad9bdykndfr7njm8c7sv264185-vscode-1.104.1/lib/vscode/resources/app/out/vs/code/electron-utility/sharedProcess/sharedProcessMain.js:74:88952)
    at async Ea.u (file:///nix/store/dchly2ad9bdykndfr7njm8c7sv264185-vscode-1.104.1/lib/vscode/resources/app/out/vs/code/electron-utility/sharedProcess/sharedProcessMain.js:74:45762)
    at async Ea.scanExtension (file:///nix/store/dchly2ad9bdykndfr7njm8c7sv264185-vscode-1.104.1/lib/vscode/resources/app/out/vs/code/electron-utility/sharedProcess/sharedProcessMain.js:74:44269)
    at async Promise.all (index 1)
    at async Ea.r (file:///nix/store/dchly2ad9bdykndfr7njm8c7sv264185-vscode-1.104.1/lib/vscode/resources/app/out/vs/code/electron-utility/sharedProcess/sharedProcessMain.js:74:42695)
    at async mf.scanAllUserExtensions (file:///nix/store/dchly2ad9bdykndfr7njm8c7sv264185-vscode-1.104.1/lib/vscode/resources/app/out/vs/code/electron-utility/sharedProcess/sharedProcessMain.js:74:35555)
    at async Bh.scanAllUserExtensions (file:///nix/store/dchly2ad9bdykndfr7njm8c7sv264185-vscode-1.104.1/lib/vscode/resources/app/out/vs/code/electron-utility/sharedProcess/sharedProcessMain.js:74:69653)
    at async B9.H (file:///nix/store/dchly2ad9bdykndfr7njm8c7sv264185-vscode-1.104.1/lib/vscode/resources/app/out/vs/code/electron-utility/sharedProcess/sharedProcessMain.js:74:59467)
    at async B9.s (file:///nix/store/dchly2ad9bdykndfr7njm8c7sv264185-vscode-1.104.1/lib/vscode/resources/app/out/vs/code/electron-utility/sharedProcess/sharedProcessMain.js:74:57362)
