2025-11-03T17:30:27.762273966+05:30 ERROR FetchBuildDataError: error: "always" progress requires a `width` key


2025-11-03T17:30:40.236668399+05:30  WARN cyclic deps: gpui_macros(Idx::<CrateBuilder>(178)) -> gpui(Idx::<CrateBuilder>(149)), alternative path: gpui(Idx::<CrateBuilder>(149)) -> gpui_macros(Idx::<CrateBuilder>(178))
2025-11-03T17:30:40.247182057+05:30  WARN cyclic deps: reqwest_client(Idx::<CrateBuilder>(247)) -> gpui(Idx::<CrateBuilder>(149)), alternative path: gpui(Idx::<CrateBuilder>(149)) -> reqwest_client(Idx::<CrateBuilder>(247))
2025-11-03T17:30:42.29573836+05:30  WARN cyclic deps: gpui_macros(Idx::<CrateBuilder>(178)) -> gpui(Idx::<CrateBuilder>(149)), alternative path: gpui(Idx::<CrateBuilder>(149)) -> gpui_macros(Idx::<CrateBuilder>(178))
2025-11-03T17:30:42.303721598+05:30  WARN cyclic deps: reqwest_client(Idx::<CrateBuilder>(247)) -> gpui(Idx::<CrateBuilder>(149)), alternative path: gpui(Idx::<CrateBuilder>(149)) -> reqwest_client(Idx::<CrateBuilder>(247))
2025-11-03T17:30:42.601541795+05:30 ERROR Flycheck failed to run the following command: CommandHandle { program: "/etc/profiles/per-user/fed/bin/cargo", arguments: ["check", "--workspace", "--message-format=json-diagnostic-rendered-ansi", "--manifest-path", "/home/fed/Downloads/zed-pre/Cargo.toml", "--keep-going", "--all-targets"], current_dir: Some("/home/fed/Downloads/zed-pre") }, error=Cargo watcher failed, the command produced no valid metadata (exit code: ExitStatus(unix_wait_status(25856))):
error: "always" progress requires a `width` key

2025-11-03T17:31:00.026244849+05:30  WARN overly long loop turn took 3.916720959s (event handling took 3.916622089s): PrimeCaches(End { cancelled: false })
2025-11-03T17:31:59.174416607+05:30 ERROR closure type is always closure
2025-11-03T17:33:26.246819158+05:30 ERROR closure type is always closure
2025-11-03T17:34:53.017213328+05:30  WARN overly long loop turn took 335.338966ms (event handling took 335.325512ms): Request(Request { id: RequestId(I32(91)), method: "textDocument/definition", params: Object {"textDocument": Object {"uri": String("file:///home/fed/Downloads/zed-pre/crates/project/src/lsp_store.rs")}, "position": Object {"line": Number(334), "character": Number(58)}} })
2025-11-03T17:41:28.332529382+05:30 ERROR FetchBuildDataError: error: "always" progress requires a `width` key


2025-11-03T17:41:45.909327204+05:30  WARN cyclic deps: gpui_macros(Idx::<CrateBuilder>(178)) -> gpui(Idx::<CrateBuilder>(149)), alternative path: gpui(Idx::<CrateBuilder>(149)) -> gpui_macros(Idx::<CrateBuilder>(178))
2025-11-03T17:41:45.919417426+05:30  WARN cyclic deps: reqwest_client(Idx::<CrateBuilder>(247)) -> gpui(Idx::<CrateBuilder>(149)), alternative path: gpui(Idx::<CrateBuilder>(149)) -> reqwest_client(Idx::<CrateBuilder>(247))
2025-11-03T17:41:48.019609952+05:30  WARN cyclic deps: gpui_macros(Idx::<CrateBuilder>(178)) -> gpui(Idx::<CrateBuilder>(149)), alternative path: gpui(Idx::<CrateBuilder>(149)) -> gpui_macros(Idx::<CrateBuilder>(178))
2025-11-03T17:41:48.027491991+05:30  WARN cyclic deps: reqwest_client(Idx::<CrateBuilder>(247)) -> gpui(Idx::<CrateBuilder>(149)), alternative path: gpui(Idx::<CrateBuilder>(149)) -> reqwest_client(Idx::<CrateBuilder>(247))
2025-11-03T17:41:48.362637352+05:30 ERROR Flycheck failed to run the following command: CommandHandle { program: "/etc/profiles/per-user/fed/bin/cargo", arguments: ["check", "--workspace", "--message-format=json-diagnostic-rendered-ansi", "--manifest-path", "/home/fed/Downloads/zed-pre/Cargo.toml", "--keep-going", "--all-targets"], current_dir: Some("/home/fed/Downloads/zed-pre") }, error=Cargo watcher failed, the command produced no valid metadata (exit code: ExitStatus(unix_wait_status(25856))):
error: "always" progress requires a `width` key

2025-11-03T17:42:22.270524539+05:30  WARN overly long loop turn took 264.023947ms (event handling took 264.008204ms): Request(Request { id: RequestId(I32(148)), method: "textDocument/documentHighlight", params: Object {"textDocument": Object {"uri": String("file:///home/fed/Downloads/zed-pre/crates/editor/src/element.rs")}, "position": Object {"line": Number(22), "character": Number(52)}} })
2025-11-03T17:42:56.43458284+05:30  WARN overly long loop turn took 480.247979ms (event handling took 480.23044ms): Request(Request { id: RequestId(I32(151)), method: "textDocument/codeLens", params: Object {"textDocument": Object {"uri": String("file:///home/fed/Downloads/zed-pre/crates/editor/src/element.rs")}} })
2025-11-03T17:43:08.576437796+05:30  WARN overly long loop turn took 11.708717482s (event handling took 11.708703884s): Request(Request { id: RequestId(I32(152)), method: "textDocument/documentHighlight", params: Object {"textDocument": Object {"uri": String("file:///home/fed/Downloads/zed-pre/crates/editor/src/element.rs")}, "position": Object {"line": Number(14), "character": Number(35)}} })
2025-11-03T17:43:15.575576608+05:30  WARN overly long loop turn took 6.999102448s (event handling took 6.999086797s): Request(Request { id: RequestId(I32(153)), method: "textDocument/codeAction", params: Object {"textDocument": Object {"uri": String("file:///home/fed/Downloads/zed-pre/crates/editor/src/element.rs")}, "range": Object {"start": Object {"line": Number(14), "character": Number(35)}, "end": Object {"line": Number(14), "character": Number(35)}}, "context": Object {"diagnostics": Array [], "triggerKind": Number(2)}} })
2025-11-03T17:43:23.442957185+05:30  WARN overly long loop turn took 6.46005152s (event handling took 6.460036194s): Request(Request { id: RequestId(I32(154)), method: "textDocument/inlayHint", params: Object {"textDocument": Object {"uri": String("file:///home/fed/Downloads/zed-pre/crates/editor/src/element.rs")}, "range": Object {"start": Object {"line": Number(0), "character": Number(0)}, "end": Object {"line": Number(102), "character": Number(23)}}} })
2025-11-03T17:43:26.560932773+05:30  WARN overly long loop turn took 1.011539498s (event handling took 1.011528501s): Request(Request { id: RequestId(I32(157)), method: "textDocument/semanticTokens/range", params: Object {"textDocument": Object {"uri": String("file:///home/fed/Downloads/zed-pre/crates/editor/src/element.rs")}, "range": Object {"start": Object {"line": Number(0), "character": Number(0)}, "end": Object {"line": Number(76), "character": Number(14)}}} })
