2025-11-03 17:26:24.699 [info] Reading sessions from keychain...
2025-11-03 17:26:24.699 [info] Getting sessions for all scopes...
2025-11-03 17:26:28.327 [info] Got 0 sessions for ...
2025-11-03 17:26:28.327 [info] Getting sessions for all scopes...
2025-11-03 17:26:28.327 [info] Got 0 sessions for ...
2025-11-03 17:26:28.327 [info] Getting sessions for all scopes...
2025-11-03 17:26:28.327 [info] Got 0 sessions for ...
2025-11-03 17:26:28.327 [info] Getting sessions for all scopes...
2025-11-03 17:26:28.327 [info] Got 0 sessions for ...
2025-11-03 17:26:28.327 [info] Getting sessions for all scopes...
2025-11-03 17:26:28.327 [info] Got 0 sessions for ...
2025-11-03 17:26:28.327 [info] Getting sessions for all scopes...
2025-11-03 17:26:28.327 [info] Got 0 sessions for ...
2025-11-03 17:26:28.327 [info] Getting sessions for all scopes...
2025-11-03 17:26:28.327 [info] Got 0 sessions for ...
2025-11-03 17:26:28.328 [info] Getting sessions for all scopes...
2025-11-03 17:26:28.328 [info] Got 0 sessions for ...
2025-11-03 17:26:28.328 [info] Getting sessions for all scopes...
2025-11-03 17:26:28.328 [info] Got 0 sessions for ...
2025-11-03 17:26:28.328 [info] Getting sessions for all scopes...
2025-11-03 17:26:28.328 [info] Got 0 sessions for ...
2025-11-03 17:26:28.328 [info] Getting sessions for all scopes...
2025-11-03 17:26:28.328 [info] Got 0 sessions for ...
2025-11-03 17:26:28.328 [info] Getting sessions for all scopes...
2025-11-03 17:26:28.328 [info] Got 0 sessions for ...
2025-11-03 17:26:28.328 [info] Getting sessions for all scopes...
2025-11-03 17:26:28.328 [info] Got 0 sessions for ...
2025-11-03 17:26:28.329 [info] Getting sessions for all scopes...
2025-11-03 17:26:28.329 [info] Got 0 sessions for ...
2025-11-03 17:26:28.329 [info] Getting sessions for all scopes...
2025-11-03 17:26:28.329 [info] Got 0 sessions for ...
2025-11-03 17:26:28.329 [info] Getting sessions for all scopes...
2025-11-03 17:26:28.329 [info] Got 0 sessions for ...
2025-11-03 17:26:28.329 [info] Getting sessions for all scopes...
2025-11-03 17:26:28.329 [info] Got 0 sessions for ...
2025-11-03 17:26:28.330 [info] Getting sessions for all scopes...
2025-11-03 17:26:28.330 [info] Got 0 sessions for ...
2025-11-03 17:26:56.942 [info] Getting sessions for all scopes...
2025-11-03 17:26:56.942 [info] Got 0 sessions for ...
2025-11-03 17:27:37.199 [info] Getting sessions for all scopes...
2025-11-03 17:27:37.199 [info] Got 0 sessions for ...
2025-11-03 17:29:05.954 [info] Reading sessions from keychain...
2025-11-03 17:29:05.954 [info] Getting sessions for all scopes...
2025-11-03 17:29:05.954 [info] Got 0 sessions for ...
2025-11-03 17:29:05.954 [info] Getting sessions for all scopes...
2025-11-03 17:29:05.954 [info] Got 0 sessions for ...
2025-11-03 17:29:05.954 [info] Getting sessions for all scopes...
2025-11-03 17:29:05.954 [info] Got 0 sessions for ...
2025-11-03 17:29:05.954 [info] Getting sessions for all scopes...
2025-11-03 17:29:05.954 [info] Got 0 sessions for ...
2025-11-03 17:29:05.954 [info] Getting sessions for all scopes...
2025-11-03 17:29:05.954 [info] Got 0 sessions for ...
2025-11-03 17:29:05.954 [info] Getting sessions for all scopes...
2025-11-03 17:29:05.954 [info] Got 0 sessions for ...
2025-11-03 17:29:05.954 [info] Getting sessions for all scopes...
2025-11-03 17:29:05.954 [info] Got 0 sessions for ...
2025-11-03 17:29:06.031 [info] Getting sessions for all scopes...
2025-11-03 17:29:06.031 [info] Got 0 sessions for ...
2025-11-03 17:29:06.032 [info] Getting sessions for all scopes...
2025-11-03 17:29:06.032 [info] Got 0 sessions for ...
2025-11-03 17:29:06.032 [info] Getting sessions for all scopes...
2025-11-03 17:29:06.032 [info] Got 0 sessions for ...
2025-11-03 17:29:06.032 [info] Getting sessions for all scopes...
2025-11-03 17:29:06.032 [info] Got 0 sessions for ...
2025-11-03 17:29:06.032 [info] Getting sessions for all scopes...
2025-11-03 17:29:06.032 [info] Got 0 sessions for ...
2025-11-03 17:29:06.032 [info] Getting sessions for all scopes...
2025-11-03 17:29:06.032 [info] Got 0 sessions for ...
2025-11-03 17:29:06.204 [info] Getting sessions for all scopes...
2025-11-03 17:29:06.204 [info] Got 0 sessions for ...
2025-11-03 17:29:06.266 [info] Getting sessions for all scopes...
2025-11-03 17:29:06.266 [info] Got 0 sessions for ...
2025-11-03 17:29:06.279 [info] Getting sessions for all scopes...
2025-11-03 17:29:06.279 [info] Got 0 sessions for ...
2025-11-03 17:29:06.280 [info] Getting sessions for all scopes...
2025-11-03 17:29:06.280 [info] Got 0 sessions for ...
2025-11-03 17:29:06.334 [info] Getting sessions for all scopes...
2025-11-03 17:29:06.334 [info] Got 0 sessions for ...
2025-11-03 17:29:07.736 [info] Getting sessions for all scopes...
2025-11-03 17:29:07.736 [info] Got 0 sessions for ...
2025-11-03 17:29:07.736 [info] Getting sessions for all scopes...
2025-11-03 17:29:07.736 [info] Got 0 sessions for ...
2025-11-03 17:29:07.742 [info] Getting sessions for all scopes...
2025-11-03 17:29:07.742 [info] Got 0 sessions for ...
2025-11-03 17:29:07.753 [info] Getting sessions for all scopes...
2025-11-03 17:29:07.916 [info] Got 0 sessions for ...
2025-11-03 17:29:23.267 [info] Getting sessions for read:user,repo,user:email,workflow...
2025-11-03 17:29:23.267 [info] Got 0 sessions for read:user,repo,user:email,workflow...
2025-11-03 17:31:35.487 [info] Logging in with google,  'any' account...
2025-11-03 17:31:35.487 [info] Logging in for the following scopes: user:email
2025-11-03 17:31:35.504 [info] Trying with local server... (user:email)
2025-11-03 17:32:50.289 [error] User Cancelled
2025-11-03 17:32:54.717 [info] Trying without local server... (user:email)
2025-11-03 17:34:26.224 [error] User Cancelled
2025-11-03 17:34:30.330 [info] Getting sessions for all scopes...
2025-11-03 17:34:30.371 [info] Got 0 sessions for ...
2025-11-03 17:34:30.371 [info] Getting sessions for all scopes...
2025-11-03 17:34:30.371 [info] Got 0 sessions for ...
2025-11-03 17:35:23.881 [info] Getting sessions for all scopes...
2025-11-03 17:35:24.036 [info] Got 0 sessions for ...
2025-11-03 17:35:27.766 [info] Getting sessions for all scopes...
2025-11-03 17:35:27.766 [info] Got 0 sessions for ...
2025-11-03 17:35:27.766 [info] Getting sessions for all scopes...
2025-11-03 17:35:27.766 [info] Got 0 sessions for ...
2025-11-03 17:35:29.213 [info] Getting sessions for all scopes...
2025-11-03 17:35:29.214 [info] Got 0 sessions for ...
2025-11-03 17:35:29.218 [info] Getting sessions for all scopes...
2025-11-03 17:35:29.218 [info] Got 0 sessions for ...
2025-11-03 17:35:29.219 [info] Getting sessions for read:user,repo,user:email,workflow...
2025-11-03 17:35:29.219 [info] Got 0 sessions for read:user,repo,user:email,workflow...
2025-11-03 17:35:29.920 [info] Getting sessions for user:email...
2025-11-03 17:35:29.920 [info] Got 0 sessions for user:email...
2025-11-03 17:35:29.920 [info] Getting sessions for read:user,repo,user:email,workflow...
2025-11-03 17:35:29.920 [info] Got 0 sessions for read:user,repo,user:email,workflow...
2025-11-03 17:35:33.800 [info] Getting sessions for read:user...
2025-11-03 17:35:33.800 [info] Got 0 sessions for read:user...
2025-11-03 17:35:33.806 [info] Getting sessions for all scopes...
2025-11-03 17:35:33.806 [info] Got 0 sessions for ...
2025-11-03 17:35:33.806 [info] Getting sessions for all scopes...
2025-11-03 17:35:33.806 [info] Got 0 sessions for ...
2025-11-03 17:35:33.821 [info] Getting sessions for all scopes...
2025-11-03 17:35:33.821 [info] Got 0 sessions for ...
2025-11-03 17:35:33.822 [info] Getting sessions for user:email...
2025-11-03 17:35:33.822 [info] Got 0 sessions for user:email...
2025-11-03 17:35:34.568 [info] Getting sessions for user:email...
2025-11-03 17:35:34.568 [info] Got 0 sessions for user:email...
2025-11-03 17:35:36.533 [info] Getting sessions for all scopes...
2025-11-03 17:35:36.533 [info] Got 0 sessions for ...
2025-11-03 17:35:36.535 [info] Getting sessions for user:email...
2025-11-03 17:35:36.536 [info] Got 0 sessions for user:email...
2025-11-03 17:35:36.536 [info] Getting sessions for all scopes...
2025-11-03 17:35:36.536 [info] Got 0 sessions for ...
2025-11-03 17:35:36.540 [info] Getting sessions for user:email...
2025-11-03 17:35:36.540 [info] Got 0 sessions for user:email...
2025-11-03 17:35:36.544 [info] Getting sessions for all scopes...
2025-11-03 17:35:36.544 [info] Got 0 sessions for ...
2025-11-03 17:35:36.545 [info] Getting sessions for user:email...
2025-11-03 17:35:36.545 [info] Got 0 sessions for user:email...
2025-11-03 17:35:36.545 [info] Getting sessions for all scopes...
2025-11-03 17:35:36.545 [info] Got 0 sessions for ...
2025-11-03 17:35:36.546 [info] Getting sessions for user:email...
2025-11-03 17:35:36.546 [info] Got 0 sessions for user:email...
2025-11-03 17:35:36.549 [info] Getting sessions for all scopes...
2025-11-03 17:35:36.549 [info] Got 0 sessions for ...
2025-11-03 17:35:36.550 [info] Getting sessions for all scopes...
2025-11-03 17:35:36.550 [info] Got 0 sessions for ...
2025-11-03 17:40:06.789 [info] Getting sessions for read:user,repo,user:email,workflow...
2025-11-03 17:40:07.303 [info] Got 0 sessions for read:user,repo,user:email,workflow...
2025-11-03 17:40:07.306 [info] Getting sessions for read:user...
2025-11-03 17:40:07.306 [info] Got 0 sessions for read:user...
2025-11-03 17:40:07.311 [info] Getting sessions for user:email...
2025-11-03 17:40:07.311 [info] Got 0 sessions for user:email...
