2025-11-03 17:26:24.788 [info] [main] Log level: Info
2025-11-03 17:26:24.788 [info] [main] Validating found git in: "git"
2025-11-03 17:26:24.788 [info] [main] Using git "2.50.1" from "git"
2025-11-03 17:26:24.788 [info] [Model][doInitialScan] Initial repository scan started
2025-11-03 17:26:24.788 [info] [Model][doInitialScan] Initial repository scan completed - repositories (0), closed repositories (0), parent repositories (0), unsafe repositories (0)
2025-11-03 17:29:06.367 [info] [main] Log level: Info
2025-11-03 17:29:06.367 [info] [main] Validating found git in: "git"
2025-11-03 17:29:06.367 [info] [main] Using git "2.50.1" from "git"
2025-11-03 17:29:06.367 [info] [Model][doInitialScan] Initial repository scan started
2025-11-03 17:29:06.367 [info] > git rev-parse --show-toplevel [7ms]
2025-11-03 17:29:06.918 [info] > git rev-parse --git-dir --git-common-dir --show-superproject-working-tree [580ms]
2025-11-03 17:29:06.927 [info] [Model][openRepository] Opened repository (path): /home/fed/Downloads/zed-pre
2025-11-03 17:29:06.927 [info] [Model][openRepository] Opened repository (real path): /home/fed/Downloads/zed-pre
2025-11-03 17:29:06.927 [info] [Model][openRepository] Opened repository (kind): repository
2025-11-03 17:29:06.937 [info] > git rev-parse --show-toplevel [2ms]
2025-11-03 17:29:06.938 [info] > git config --get commit.template [5ms]
2025-11-03 17:29:06.947 [info] > git rev-parse --show-toplevel [5ms]
2025-11-03 17:29:06.952 [info] > git rev-parse --show-toplevel [1ms]
2025-11-03 17:29:06.956 [info] > git rev-parse --show-toplevel [1ms]
2025-11-03 17:29:06.961 [info] > git rev-parse --show-toplevel [1ms]
2025-11-03 17:29:06.966 [info] > git rev-parse --show-toplevel [1ms]
2025-11-03 17:29:06.970 [info] > git rev-parse --show-toplevel [1ms]
2025-11-03 17:29:06.975 [info] > git rev-parse --show-toplevel [1ms]
2025-11-03 17:29:06.981 [info] > git rev-parse --show-toplevel [1ms]
2025-11-03 17:29:06.985 [info] > git rev-parse --show-toplevel [1ms]
2025-11-03 17:29:06.992 [info] > git rev-parse --show-toplevel [3ms]
2025-11-03 17:29:06.996 [info] > git rev-parse --show-toplevel [1ms]
2025-11-03 17:29:07.000 [info] > git rev-parse --show-toplevel [1ms]
2025-11-03 17:29:07.004 [info] > git rev-parse --show-toplevel [1ms]
2025-11-03 17:29:07.004 [info] [Model][doInitialScan] Initial repository scan completed - repositories (1), closed repositories (0), parent repositories (0), unsafe repositories (0)
2025-11-03 17:29:07.917 [info] > git for-each-ref --format %(refname)%00%(objectname)%00%(*objectname) refs/tags [972ms]
2025-11-03 17:29:08.299 [info] > git check-ignore -v -z --stdin [849ms]
2025-11-03 17:29:08.377 [info] > git for-each-ref --sort -committerdate --format %(refname)%00%(objectname)%00%(*objectname) [454ms]
2025-11-03 17:29:23.256 [info] > git status -z -uall [15336ms]
2025-11-03 17:29:23.267 [info] > git config --get commit.template [2ms]
2025-11-03 17:29:23.271 [info] > git for-each-ref --format %(refname)%00%(objectname)%00%(*objectname) refs/tags [1ms]
2025-11-03 17:29:23.278 [info] > git for-each-ref --sort -committerdate --format %(refname)%00%(objectname)%00%(*objectname) [1ms]
2025-11-03 17:29:23.421 [info] > git status -z -uall [147ms]
2025-11-03 17:29:59.150 [info] > git check-ignore -v -z --stdin [3ms]
2025-11-03 17:29:59.326 [info] > git show --textconv :crates/project/src/lsp_store.rs [6ms]
2025-11-03 17:29:59.328 [info] > git ls-files --stage -- crates/project/src/lsp_store.rs [3ms]
2025-11-03 17:29:59.332 [info] > git cat-file -s 3f6c8bcc7e3601e1641c37d4668026f5b8b2e9ee [1ms]
2025-11-03 17:29:59.762 [info] > git check-ignore -v -z --stdin [4ms]
2025-11-03 17:30:07.553 [info] > git blame --root --incremental 62a10605cbaa464eef5811effc4e5ca6ad09ee42 -- crates/project/src/lsp_store.rs [34ms]
2025-11-03 17:30:43.738 [info] > git config --get commit.template [4ms]
2025-11-03 17:30:43.738 [info] > git for-each-ref --format %(refname)%00%(objectname)%00%(*objectname) refs/tags [1ms]
2025-11-03 17:30:43.746 [info] > git for-each-ref --sort -committerdate --format %(refname)%00%(objectname)%00%(*objectname) [1ms]
2025-11-03 17:30:43.920 [info] > git status -z -uall [179ms]
2025-11-03 17:33:41.126 [info] > git ls-files --stage -- crates/project/src/lsp_store.rs [43ms]
2025-11-03 17:33:41.348 [info] > git show --textconv :crates/project/src/lsp_store.rs [277ms]
2025-11-03 17:33:41.349 [info] > git cat-file -s 3f6c8bcc7e3601e1641c37d4668026f5b8b2e9ee [5ms]
2025-11-03 17:34:04.860 [info] > git check-ignore -v -z --stdin [325ms]
2025-11-03 17:35:33.823 [info] > git ls-files --stage -- crates/project/src/lsp_store.rs [3ms]
2025-11-03 17:35:34.565 [info] > git cat-file -s 3f6c8bcc7e3601e1641c37d4668026f5b8b2e9ee [3ms]
2025-11-03 17:35:34.568 [info] > git show --textconv :crates/project/src/lsp_store.rs [754ms]
2025-11-03 17:36:13.148 [info] > git show --textconv :crates/project/src/lsp_store.rs [89ms]
2025-11-03 17:36:13.734 [info] > git ls-files --stage -- crates/project/src/lsp_store.rs [636ms]
2025-11-03 17:36:13.802 [info] > git cat-file -s 3f6c8bcc7e3601e1641c37d4668026f5b8b2e9ee [1ms]
2025-11-03 17:38:30.745 [info] > git check-ignore -v -z --stdin [1ms]
2025-11-03 17:38:33.458 [info] > git check-ignore -v -z --stdin [1ms]
2025-11-03 17:38:37.009 [info] > git check-ignore -v -z --stdin [2ms]
2025-11-03 17:38:41.037 [info] > git check-ignore -v -z --stdin [2ms]
2025-11-03 17:39:04.962 [info] > git check-ignore -v -z --stdin [2ms]
2025-11-03 17:39:09.482 [info] > git check-ignore -v -z --stdin [1ms]
2025-11-03 17:39:10.719 [info] > git check-ignore -v -z --stdin [1ms]
2025-11-03 17:39:11.360 [info] > git check-ignore -v -z --stdin [1ms]
2025-11-03 17:39:33.360 [info] > git ls-files --stage -- crates/collab/src/tests/editor_tests.rs [1ms]
2025-11-03 17:39:33.987 [info] > git check-ignore -v -z --stdin [2ms]
2025-11-03 17:39:34.311 [info] > git cat-file -s 7a51caefa1c2f7f6a3e7f702ae9594b790760d7d [332ms]
2025-11-03 17:39:34.312 [info] > git show --textconv :crates/collab/src/tests/editor_tests.rs [959ms]
2025-11-03 17:39:34.434 [info] > git blame --root --incremental 62a10605cbaa464eef5811effc4e5ca6ad09ee42 -- crates/collab/src/tests/editor_tests.rs [101ms]
2025-11-03 17:39:52.441 [info] > git ls-files --stage -- crates/editor/src/actions.rs [1ms]
2025-11-03 17:39:52.722 [info] > git check-ignore -v -z --stdin [1ms]
2025-11-03 17:39:52.768 [info] > git show --textconv :crates/editor/src/actions.rs [334ms]
2025-11-03 17:39:52.769 [info] > git cat-file -s 5a66c37bee7fe87587dbc5d50f65a7783dcaa7d7 [322ms]
2025-11-03 17:39:52.805 [info] > git blame --root --incremental 62a10605cbaa464eef5811effc4e5ca6ad09ee42 -- crates/editor/src/actions.rs [1ms]
2025-11-03 17:39:58.737 [info] > git ls-files --stage -- crates/editor/src/editor_settings_controls.rs [1ms]
2025-11-03 17:39:58.952 [info] > git show --textconv :crates/editor/src/editor_settings_controls.rs [223ms]
2025-11-03 17:39:58.952 [info] > git cat-file -s 54bb865520568ef2f5d0291c19a061a5c87d3568 [209ms]
2025-11-03 17:39:58.994 [info] > git blame --root --incremental 62a10605cbaa464eef5811effc4e5ca6ad09ee42 -- crates/editor/src/editor_settings_controls.rs [1ms]
2025-11-03 17:41:49.502 [info] > git config --get commit.template [7ms]
2025-11-03 17:41:49.503 [info] > git for-each-ref --format %(refname)%00%(objectname)%00%(*objectname) refs/tags [2ms]
2025-11-03 17:41:49.516 [info] > git for-each-ref --sort -committerdate --format %(refname)%00%(objectname)%00%(*objectname) [1ms]
2025-11-03 17:41:49.691 [info] > git status -z -uall [183ms]
2025-11-03 17:42:14.833 [info] > git check-ignore -v -z --stdin [3519ms]
2025-11-03 17:42:16.440 [info] > git ls-files --stage -- crates/editor/src/element.rs [9ms]
2025-11-03 17:42:16.452 [info] > git cat-file -s 4d3e571cceb329cac1ff4e7e201c5822734b16cf [1ms]
2025-11-03 17:42:16.582 [info] > git show --textconv :crates/editor/src/element.rs [159ms]
2025-11-03 17:42:17.954 [info] > git blame --root --incremental 62a10605cbaa464eef5811effc4e5ca6ad09ee42 -- crates/editor/src/element.rs [5ms]
